2022/06/02 16:31:06.694445 PLAINKV-SERVICE API unversioned
2022/06/02 16:31:06.694960 Copyright © 2020-2021, NarsilWorks, Inc.
2022/06/02 16:31:06.694960 INFO: Module instance id: 2A0u8mRteIAxOs0uHXh3OLwodRZ
2022/06/02 16:31:06.694960 INFO: Running in debug mode. Local address for CORS will be valid.
2022/06/02 16:31:06.694960 INFO: Cache initialized successfully.
2022/06/02 16:31:06.694960 INFO: Listening at 7473 since 2022-06-02 08:31:06.6939318 +0000 UTC...
2022/06/02 16:32:56.438615 INFO: Shutting down server...
2022/06/02 16:32:56.441174 INFO: HTTP server shutdown...
2022/06/02 16:32:56.441174 INFO: Exiting service...
2022/06/02 16:32:57.253041 PLAINKV-SERVICE API unversioned
2022/06/02 16:32:57.253553 Copyright © 2020-2021, NarsilWorks, Inc.
2022/06/02 16:32:57.253553 INFO: Module instance id: 2A0uMmgeUiQFehQS84vQMJSvDlu
2022/06/02 16:32:57.254065 INFO: Running in debug mode. Local address for CORS will be valid.
2022/06/02 16:32:57.254065 INFO: Cache initialized successfully.
2022/06/02 16:32:57.254065 INFO: Listening at 7473 since 2022-06-02 08:32:57.2530418 +0000 UTC...
2022/06/02 16:33:00.350370 INFO: Shutting down server...
2022/06/02 16:33:00.350888 INFO: HTTP server shutdown...
2022/06/02 16:33:00.352444 INFO: Exiting service...
2022/06/02 16:33:09.254104 PlainKV API API 1.0
2022/06/02 16:33:09.254625 Copyright © 2020-2021, NarsilWorks, Inc.
2022/06/02 16:33:09.254625 INFO: Module instance id: 2A0uOEdQ0Y3RvyymUcOIiiSj90u
2022/06/02 16:33:09.254625 INFO: Running in debug mode. Local address for CORS will be valid.
2022/06/02 16:33:09.255140 INFO: Cache initialized successfully.
2022/06/02 16:33:09.255140 INFO: Listening at 7473 since 2022-06-02 08:33:09.2535952 +0000 UTC...
2022/06/02 16:33:38.149983 INFO: Shutting down server...
2022/06/02 16:33:38.153107 INFO: HTTP server shutdown...
2022/06/02 16:33:38.153107 INFO: Exiting service...
2022/06/02 16:33:40.514941 PlainKV API 1.0
2022/06/02 16:33:40.515455 Copyright © 2020-2021, NarsilWorks, Inc.
2022/06/02 16:33:40.515455 INFO: Module instance id: 2A0uSB3sE86O7SwbTxQ1rITG8Nf
2022/06/02 16:33:40.515455 INFO: Running in debug mode. Local address for CORS will be valid.
2022/06/02 16:33:40.515968 INFO: Cache initialized successfully.
2022/06/02 16:33:40.515968 INFO: Listening at 7473 since 2022-06-02 08:33:40.5144352 +0000 UTC...
2022/06/02 16:33:49.977302 INFO: Shutting down server...
2022/06/02 16:33:49.979352 INFO: HTTP server shutdown...
2022/06/02 16:33:49.979862 INFO: Exiting service...
